<?xml version="1.0" encoding="UTF-8"?>
<!-- Generated by org.testng.reporters.JUnitReportReporter -->
<testsuite skipped="0" hostname="DESKTOP-BNP95F9" name="test.tracking.cases.UsersTest" tests="1" failures="0" timestamp="24 Jul 2019 22:20:09 GMT" time="20.692" errors="0">
  <testcase name="registerUser" time="20.692" classname="test.tracking.cases.UsersTest"/>
</testsuite> <!-- test.tracking.cases.UsersTest -->
