<?xml version="1.0" encoding="UTF-8"?>
<!-- Generated by org.testng.reporters.JUnitReportReporter -->
<testsuite skipped="0" hostname="DESKTOP-BNP95F9" name="testCases.UsersTest" tests="1" failures="0" timestamp="24 Jul 2019 17:55:12 GMT" time="22.504" errors="0">
  <testcase name="registerUser" time="22.504" classname="testCases.UsersTest"/>
</testsuite> <!-- testCases.UsersTest -->
